2021-02-18 10:16:49.569  INFO 13924 --- [main] c.m.S.ServiceProvider1Application        : Starting ServiceProvider1Application using Java 1.8.0_221 on zilliousyat with PID 13924 (F:\dev\practice\Mypaisaa\ServiceProvider1\build\classes\java\main started by yatharth.govil in F:\dev\practice\Mypaisaa\ServiceProvider1)
2021-02-18 10:16:49.599  INFO 13924 --- [main] c.m.S.ServiceProvider1Application        : No active profile set, falling back to default profiles: default
2021-02-18 10:16:53.214  INFO 13924 --- [main] o.s.b.w.embedded.tomcat.TomcatWebServer  : Tomcat initialized with port(s): 8084 (http)
2021-02-18 10:16:53.226  INFO 13924 --- [main] o.apache.catalina.core.StandardService   : Starting service [Tomcat]
2021-02-18 10:16:53.228  INFO 13924 --- [main] org.apache.catalina.core.StandardEngine  : Starting Servlet engine: [Apache Tomcat/9.0.41]
2021-02-18 10:16:53.521  INFO 13924 --- [main] o.a.c.c.C.[Tomcat].[localhost].[/]       : Initializing Spring embedded WebApplicationContext
2021-02-18 10:16:53.521  INFO 13924 --- [main] w.s.c.ServletWebServerApplicationContext : Root WebApplicationContext: initialization completed in 3757 ms
2021-02-18 10:16:54.013  INFO 13924 --- [main] o.s.s.concurrent.ThreadPoolTaskExecutor  : Initializing ExecutorService 'applicationTaskExecutor'
2021-02-18 10:16:54.422  INFO 13924 --- [main] o.s.b.a.e.web.EndpointLinksResolver      : Exposing 2 endpoint(s) beneath base path '/actuator'
2021-02-18 10:16:54.534  INFO 13924 --- [main] o.s.b.w.embedded.tomcat.TomcatWebServer  : Tomcat started on port(s): 8084 (http) with context path ''
2021-02-18 10:16:54.599  INFO 13924 --- [main] c.m.S.ServiceProvider1Application        : Started ServiceProvider1Application in 6.125 seconds (JVM running for 7.857)
2021-02-18 10:16:54.675  INFO 13924 --- [http-nio-8084-exec-1] o.a.c.c.C.[Tomcat].[localhost].[/]       : Initializing Spring DispatcherServlet 'dispatcherServlet'
2021-02-18 10:16:54.675  INFO 13924 --- [http-nio-8084-exec-1] o.s.web.servlet.DispatcherServlet        : Initializing Servlet 'dispatcherServlet'
2021-02-18 10:16:54.677  INFO 13924 --- [http-nio-8084-exec-1] o.s.web.servlet.DispatcherServlet        : Completed initialization in 2 ms
2021-02-18 22:17:50.838  INFO 2444 --- [main] c.m.S.ServiceProvider1Application        : Starting ServiceProvider1Application using Java 1.8.0_221 on zilliousyat with PID 2444 (F:\dev\practice\Mypaisaa\ServiceProvider1\build\classes\java\main started by yatharth.govil in F:\dev\practice\Mypaisaa\ServiceProvider1)
2021-02-18 22:17:50.848  INFO 2444 --- [main] c.m.S.ServiceProvider1Application        : No active profile set, falling back to default profiles: default
2021-02-18 22:17:52.082  INFO 2444 --- [main] o.s.b.w.embedded.tomcat.TomcatWebServer  : Tomcat initialized with port(s): 8084 (http)
2021-02-18 22:17:52.089  INFO 2444 --- [main] o.apache.catalina.core.StandardService   : Starting service [Tomcat]
2021-02-18 22:17:52.089  INFO 2444 --- [main] org.apache.catalina.core.StandardEngine  : Starting Servlet engine: [Apache Tomcat/9.0.41]
2021-02-18 22:17:52.227  INFO 2444 --- [main] o.a.c.c.C.[Tomcat].[localhost].[/]       : Initializing Spring embedded WebApplicationContext
2021-02-18 22:17:52.227  INFO 2444 --- [main] w.s.c.ServletWebServerApplicationContext : Root WebApplicationContext: initialization completed in 1343 ms
2021-02-18 22:17:52.406  INFO 2444 --- [main] o.s.s.concurrent.ThreadPoolTaskExecutor  : Initializing ExecutorService 'applicationTaskExecutor'
2021-02-18 22:17:52.536  INFO 2444 --- [main] o.s.b.a.e.web.EndpointLinksResolver      : Exposing 2 endpoint(s) beneath base path '/actuator'
2021-02-18 22:17:52.587  INFO 2444 --- [main] o.s.b.w.embedded.tomcat.TomcatWebServer  : Tomcat started on port(s): 8084 (http) with context path ''
2021-02-18 22:17:52.597  INFO 2444 --- [main] c.m.S.ServiceProvider1Application        : Started ServiceProvider1Application in 2.092 seconds (JVM running for 2.835)
2021-02-18 22:17:52.859  INFO 2444 --- [http-nio-8084-exec-3] o.a.c.c.C.[Tomcat].[localhost].[/]       : Initializing Spring DispatcherServlet 'dispatcherServlet'
2021-02-18 22:17:52.859  INFO 2444 --- [http-nio-8084-exec-3] o.s.web.servlet.DispatcherServlet        : Initializing Servlet 'dispatcherServlet'
2021-02-18 22:17:52.860  INFO 2444 --- [http-nio-8084-exec-3] o.s.web.servlet.DispatcherServlet        : Completed initialization in 1 ms
